<?xml version="1.0" encoding="UTF-8" ?>
<testsuite failures="1" time="2.321" errors="0" skipped="0" tests="1" name="estradasolidaria.tests.USTest">
  <properties>
[...]
</properties>
  <testcase time="2.311" classname="estradasolidaria.tests.USTest" name="testarEasyAcceptScript">
    <failure message="null" type="junit.framework.AssertionFailedError">junit.framework.AssertionFailedError: null
	at junit.framework.Assert.fail(Assert.java:47)
	at junit.framework.Assert.assertTrue(Assert.java:20)
	at junit.framework.Assert.assertTrue(Assert.java:27)
	at estradasolidaria.tests.USTest.testarEasyAcceptScript(USTest.java:52)
	at sun.reflect.NativeMethodAccessorImpl.invoke0(Native Method)
	at sun.reflect.NativeMethodAccessorImpl.invoke(NativeMethodAccessorImpl.java:57)
	at sun.reflect.DelegatingMethodAccessorImpl.invoke(DelegatingMethodAccessorImpl.java:43)
	at java.lang.reflect.Method.invoke(Method.java:616)
	at junit.framework.TestCase.runTest(TestCase.java:168)
	at junit.framework.TestCase.runBare(TestCase.java:134)
	at junit.framework.TestResult$1.protect(TestResult.java:110)
	at junit.framework.TestResult.runProtected(TestResult.java:128)
	at junit.framework.TestResult.run(TestResult.java:113)
	at junit.framework.TestCase.run(TestCase.java:124)
	at junit.framework.TestSuite.runTest(TestSuite.java:243)
	at junit.framework.TestSuite.run(TestSuite.java:238)
	at org.junit.internal.runners.JUnit38ClassRunner.run(JUnit38ClassRunner.java:83)
	at org.apache.maven.surefire.junit4.JUnit4TestSet.execute(JUnit4TestSet.java:35)
	at org.apache.maven.surefire.junit4.JUnit4Provider.executeTestSet(JUnit4Provider.java:146)
	at org.apache.maven.surefire.junit4.JUnit4Provider.invoke(JUnit4Provider.java:97)
	at sun.reflect.NativeMethodAccessorImpl.invoke0(Native Method)
	at sun.reflect.NativeMethodAccessorImpl.invoke(NativeMethodAccessorImpl.java:57)
	at sun.reflect.DelegatingMethodAccessorImpl.invoke(DelegatingMethodAccessorImpl.java:43)
	at java.lang.reflect.Method.invoke(Method.java:616)
	at org.apache.maven.surefire.booter.ProviderFactory$ClassLoaderProxy.invoke(ProviderFactory.java:103)
	at $Proxy0.invoke(Unknown Source)
	at org.apache.maven.surefire.booter.SurefireStarter.invokeProvider(SurefireStarter.java:145)
	at org.apache.maven.surefire.booter.SurefireStarter.runSuitesInProcess(SurefireStarter.java:87)
	at org.apache.maven.surefire.booter.ForkedBooter.main(ForkedBooter.java:69)
</failure>
    <system-out>@SLTests run: 2, Failures: 0, Errors: 0, Skipped: 0, Time elapsed: 0.003 sec
@SLRunning estradasolidaria.tests.USTest
Test file: scripts/US01.txt | Passed Tests: 33 | Not Passed Tests: 0

======================== 

Test file: scripts/US02.txt | Passed Tests: 64 | Not Passed Tests: 0

======================== 

Test file: scripts/US03.txt | Passed Tests: 21 | Not Passed Tests: 0

======================== 

Test file: scripts/US04.txt | Passed Tests: 34 | Not Passed Tests: 7

FAILURES:
   At line 47: Unexpected error: Atributo inexistente
   At line 48: Unexpected error: Atributo inexistente
   At line 49: Unexpected error: Atributo inexistente
   At line 50: Unexpected error: Atributo inexistente
   At line 51: Unexpected error: Atributo inexistente
   At line 58: Unexpected error: Atributo inexistente
   At line 73: exception = java.lang.NullPointerException)
======================== 

Test file: scripts/US05.txt | Passed Tests: 32 | Not Passed Tests: 0

======================== 

Test file: scripts/US06.txt | Passed Tests: 26 | Not Passed Tests: 0

======================== 

Test file: scripts/US07.txt | Passed Tests: 62 | Not Passed Tests: 0

======================== 

Test file: scripts/US08.txt | Passed Tests: 48 | Not Passed Tests: 0

======================== 

Test file: scripts/US09.txt | Passed Tests: 46 | Not Passed Tests: 0

======================== 

Test file: scripts/US10.txt | Passed Tests: 24 | Not Passed Tests: 0

======================== 

Test file: scripts/US11.txt | Passed Tests: 32 | Not Passed Tests: 1

FAILURES:
   At line 54: Expected &lt;[Carona cadastrada no dia 23/06/2013, às 16:00 de acordo com os seus interesses registrados. Entrar em contato com jucaPeroba@gmail.com]&gt;, but was &lt;[]&gt;
======================== 

Test file: scripts/US12.txt | Passed Tests: 26 | Not Passed Tests: 0

======================== 


</system-out>
  </testcase>
</testsuite>