<?xml version="1.0" encoding="UTF-8" ?>
<testsuite failures="1" time="5.183" errors="0" skipped="0" tests="1" name="estradasolidaria.tests.USTest">
  <properties>
[...]
</properties>
  <testcase time="5.164" classname="estradasolidaria.tests.USTest" name="testarEasyAcceptScript">
    <failure message="null" type="junit.framework.AssertionFailedError">junit.framework.AssertionFailedError: null
	at junit.framework.Assert.fail(Assert.java:47)
	at junit.framework.Assert.assertTrue(Assert.java:20)
	at junit.framework.Assert.assertTrue(Assert.java:27)
	at estradasolidaria.tests.USTest.testarEasyAcceptScript(USTest.java:52)
	at sun.reflect.NativeMethodAccessorImpl.invoke0(Native Method)
	at sun.reflect.NativeMethodAccessorImpl.invoke(NativeMethodAccessorImpl.java:57)
	at sun.reflect.DelegatingMethodAccessorImpl.invoke(DelegatingMethodAccessorImpl.java:43)
	at java.lang.reflect.Method.invoke(Method.java:616)
	at junit.framework.TestCase.runTest(TestCase.java:168)
	at junit.framework.TestCase.runBare(TestCase.java:134)
	at junit.framework.TestResult$1.protect(TestResult.java:110)
	at junit.framework.TestResult.runProtected(TestResult.java:128)
	at junit.framework.TestResult.run(TestResult.java:113)
	at junit.framework.TestCase.run(TestCase.java:124)
	at junit.framework.TestSuite.runTest(TestSuite.java:243)
	at junit.framework.TestSuite.run(TestSuite.java:238)
	at org.junit.internal.runners.JUnit38ClassRunner.run(JUnit38ClassRunner.java:83)
	at org.apache.maven.surefire.junit4.JUnit4TestSet.execute(JUnit4TestSet.java:35)
	at org.apache.maven.surefire.junit4.JUnit4Provider.executeTestSet(JUnit4Provider.java:146)
	at org.apache.maven.surefire.junit4.JUnit4Provider.invoke(JUnit4Provider.java:97)
	at sun.reflect.NativeMethodAccessorImpl.invoke0(Native Method)
	at sun.reflect.NativeMethodAccessorImpl.invoke(NativeMethodAccessorImpl.java:57)
	at sun.reflect.DelegatingMethodAccessorImpl.invoke(DelegatingMethodAccessorImpl.java:43)
	at java.lang.reflect.Method.invoke(Method.java:616)
	at org.apache.maven.surefire.booter.ProviderFactory$ClassLoaderProxy.invoke(ProviderFactory.java:103)
	at $Proxy0.invoke(Unknown Source)
	at org.apache.maven.surefire.booter.SurefireStarter.invokeProvider(SurefireStarter.java:145)
	at org.apache.maven.surefire.booter.SurefireStarter.runSuitesInProcess(SurefireStarter.java:87)
	at org.apache.maven.surefire.booter.ForkedBooter.main(ForkedBooter.java:69)
</failure>
    <system-out>@SLTests run: 2, Failures: 0, Errors: 0, Skipped: 0, Time elapsed: 0.017 sec
@SLRunning estradasolidaria.tests.USTest
Test file: scripts/US01.txt | Passed Tests: 33 | Not Passed Tests: 0

======================== 

Test file: scripts/US02.txt | Passed Tests: 51 | Not Passed Tests: 13

FAILURES:
   At line 22:Data inválida
   At line 23: Unexpected error: Identificador do carona é inválido
   At line 24: Unexpected error: Identificador do carona é inválido
   At line 25: Unexpected error: Trajeto Inexistente
   At line 27:Data inválida
   At line 28: Unexpected error: Identificador do carona é inválido
   At line 29: Unexpected error: Identificador do carona é inválido
   At line 52: Expected &lt;{,,-32418646,781490428,574305186}&gt;, but was &lt;{-32418646,781490428,574305186}&gt;
   At line 65: Expected the error message &lt;Data inválida&gt;, but the error message was &lt;(no message: exception = java.lang.NullPointerException)&gt;
   At line 74: Expected the error message &lt;Hora inválida&gt;, but the error message was &lt;Data inválida&gt;
   At line 75: Expected the error message &lt;Hora inválida&gt;, but the error message was &lt;Data inválida&gt;
   At line 84: Expected the error message &lt;Atributo inválido&gt;, but the error message was &lt;Identificador do carona é inválido&gt;
   At line 85: Expected the error message &lt;Atributo inexistente&gt;, but the error message was &lt;Identificador do carona é inválido&gt;
======================== 

Test file: scripts/US03.txt | Passed Tests: 21 | Not Passed Tests: 0

======================== 

Test file: scripts/US04.txt | Passed Tests: 34 | Not Passed Tests: 7

FAILURES:
   At line 47: Unexpected error: Atributo inexistente
   At line 48: Unexpected error: Atributo inexistente
   At line 49: Unexpected error: Atributo inexistente
   At line 50: Unexpected error: Atributo inexistente
   At line 51: Unexpected error: Atributo inexistente
   At line 58: Unexpected error: Atributo inexistente
   At line 73: exception = java.lang.NullPointerException)
======================== 

Test file: scripts/US05.txt | Passed Tests: 22 | Not Passed Tests: 10

FAILURES:
   At line 23:Data inválida
   At line 52:Carona Inválida
   At line 53: Unexpected error: Solicitação inválida
   At line 54: Unexpected error: Solicitação inválida
   At line 55: Unexpected error: Solicitação inválida
   At line 56: Unexpected error: Solicitação inválida
   At line 59:Id solicitação inválido
   At line 60: Unexpected error: Identificador do carona é inválido
   At line 63: Expected the error message &lt;Solicitação inexistente&gt;, but the error message was &lt;Id solicitação inválido&gt;
   At line 64: Unexpected error: Identificador do carona é inválido
======================== 

Test file: scripts/US06.txt | Passed Tests: 26 | Not Passed Tests: 0

======================== 

Test file: scripts/US07.txt | Passed Tests: 62 | Not Passed Tests: 0

======================== 

Test file: scripts/US08.txt | Passed Tests: 48 | Not Passed Tests: 0

======================== 

Test file: scripts/US09.txt | Passed Tests: 35 | Not Passed Tests: 11

FAILURES:
   At line 19:Data inválida
   At line 26:Carona Inválida
   At line 27: Unexpected error: Solicitação inválida
   At line 28: Unexpected error: Solicitação inválida
   At line 29: Unexpected error: Solicitação inválida
   At line 30: Unexpected error: Solicitação inválida
   At line 33:Solicitação inexistente
   At line 34: Unexpected error: Identificador do carona é inválido
   At line 48:Carona inválida
   At line 54: Expected &lt;1&gt;, but was &lt;0&gt;
   At line 65: Expected &lt;1&gt;, but was &lt;0&gt;
======================== 

Test file: scripts/US10.txt | Passed Tests: 21 | Not Passed Tests: 3

FAILURES:
   At line 24:Data inválida
   At line 31: Unexpected error: Identificador do carona é inválido
   At line 38: Expected &lt;{-2118737433,}&gt;, but was &lt;{-2118737433}&gt;
======================== 

Test file: scripts/US11.txt | Passed Tests: 32 | Not Passed Tests: 1

FAILURES:
   At line 54: Expected &lt;[Carona cadastrada no dia 23/06/2012, às 16:00 de acordo com os seus interesses registrados. Entrar em contato com jucaPeroba@gmail.com]&gt;, but was &lt;[]&gt;
======================== 

Test file: scripts/US12.txt | Passed Tests: 26 | Not Passed Tests: 0

======================== 


</system-out>
    <system-err>java.lang.NumberFormatException: For input string: &quot;&quot;
	at java.lang.NumberFormatException.forInputString(NumberFormatException.java:65)
	at java.lang.Integer.parseInt(Integer.java:493)
	at java.lang.Integer.parseInt(Integer.java:514)
	at estradasolidaria.ui.server.logic.EasyacceptEstradaSolidariaAdapter.aceitarSolicitacao(EasyacceptEstradaSolidariaAdapter.java:487)
	at sun.reflect.NativeMethodAccessorImpl.invoke0(Native Method)
	at sun.reflect.NativeMethodAccessorImpl.invoke(NativeMethodAccessorImpl.java:57)
	at sun.reflect.DelegatingMethodAccessorImpl.invoke(DelegatingMethodAccessorImpl.java:43)
	at java.lang.reflect.Method.invoke(Method.java:616)
	at easyaccept.JavaApplicationFacadeAdapter.invoke(JavaApplicationFacadeAdapter.java:43)
	at easyaccept.script.Script.execute(Script.java:315)
	at easyaccept.script.Script.executeCommand(Script.java:231)
	at easyaccept.script.Script.getAndExecuteCommand(Script.java:211)
	at easyaccept.script.Script.execute(Script.java:375)
	at easyaccept.script.Script.executeAndCheck(Script.java:343)
	at easyaccept.script.Script.scriptExecutor(Script.java:497)
	at easyaccept.script.Script.run(Script.java:150)
	at easyaccept.EasyAcceptRunner.runScript(EasyAcceptRunner.java:60)
	at easyaccept.EasyAcceptFacade.runAcceptanceTest(EasyAcceptFacade.java:68)
	at easyaccept.EasyAcceptFacade.executeTests(EasyAcceptFacade.java:79)
	at estradasolidaria.tests.USTest.testarEasyAcceptScript(USTest.java:47)
	at sun.reflect.NativeMethodAccessorImpl.invoke0(Native Method)
	at sun.reflect.NativeMethodAccessorImpl.invoke(NativeMethodAccessorImpl.java:57)
	at sun.reflect.DelegatingMethodAccessorImpl.invoke(DelegatingMethodAccessorImpl.java:43)
	at java.lang.reflect.Method.invoke(Method.java:616)
	at junit.framework.TestCase.runTest(TestCase.java:168)
	at junit.framework.TestCase.runBare(TestCase.java:134)
	at junit.framework.TestResult$1.protect(TestResult.java:110)
	at junit.framework.TestResult.runProtected(TestResult.java:128)
	at junit.framework.TestResult.run(TestResult.java:113)
	at junit.framework.TestCase.run(TestCase.java:124)
	at junit.framework.TestSuite.runTest(TestSuite.java:243)
	at junit.framework.TestSuite.run(TestSuite.java:238)
	at org.junit.internal.runners.JUnit38ClassRunner.run(JUnit38ClassRunner.java:83)
	at org.apache.maven.surefire.junit4.JUnit4TestSet.execute(JUnit4TestSet.java:35)
	at org.apache.maven.surefire.junit4.JUnit4Provider.executeTestSet(JUnit4Provider.java:146)
	at org.apache.maven.surefire.junit4.JUnit4Provider.invoke(JUnit4Provider.java:97)
	at sun.reflect.NativeMethodAccessorImpl.invoke0(Native Method)
	at sun.reflect.NativeMethodAccessorImpl.invoke(NativeMethodAccessorImpl.java:57)
	at sun.reflect.DelegatingMethodAccessorImpl.invoke(DelegatingMethodAccessorImpl.java:43)
	at java.lang.reflect.Method.invoke(Method.java:616)
	at org.apache.maven.surefire.booter.ProviderFactory$ClassLoaderProxy.invoke(ProviderFactory.java:103)
	at $Proxy0.invoke(Unknown Source)
	at org.apache.maven.surefire.booter.SurefireStarter.invokeProvider(SurefireStarter.java:145)
	at org.apache.maven.surefire.booter.SurefireStarter.runSuitesInProcess(SurefireStarter.java:87)
	at org.apache.maven.surefire.booter.ForkedBooter.main(ForkedBooter.java:69)
</system-err>
  </testcase>
</testsuite>